<?xml version="1.0" encoding="UTF-8"?>
<!-- Generated by org.testng.reporters.JUnitReportReporter -->
<testsuite hostname="DESKTOP-OBOQ7KD" failures="0" tests="1" name="testCases.TC_002_LoginTest" time="2.565" errors="0" timestamp="2023-01-24T22:45:50 IST" skipped="0">
  <testcase classname="testCases.TC_002_LoginTest" name="test_login" time="2.565"/>
  <system-out/>
</testsuite> <!-- testCases.TC_002_LoginTest -->
