<?xml version="1.0" encoding="UTF-8"?>
<!-- Generated by org.testng.reporters.JUnitReportReporter -->
<testsuite hostname="DESKTOP-OBOQ7KD" failures="0" tests="1" name="testCases.TC_001_AccountRegistrationPageTest" time="4.762" errors="0" timestamp="2023-01-24T22:45:50 IST" skipped="0">
  <testcase classname="testCases.TC_001_AccountRegistrationPageTest" name="test_account_Registration" time="4.762"/>
  <system-out/>
</testsuite> <!-- testCases.TC_001_AccountRegistrationPageTest -->
